2025-09-14 16:20:20 - Main - INFO - Starting Jarvis...
2025-09-14 16:20:20 - core.tts - INFO - TTS speaking: Hey Pratik, how can I help you?
2025-09-14 16:20:23 - Main - INFO - Listening for wake word...
2025-09-14 16:20:27 - Main - WARNING - Could not understand wake audio
2025-09-14 16:20:27 - Main - INFO - Listening for wake word...
2025-09-14 16:20:33 - core.tts - INFO - TTS speaking: Yes Pratik
2025-09-14 16:20:35 - Main - INFO - Jarvis Active... (now listening for command)
2025-09-14 16:20:44 - Main - WARNING - Could not understand command.
2025-09-14 16:20:44 - core.tts - INFO - TTS speaking: Sorry, I did not catch that.
2025-09-14 16:20:47 - Main - INFO - Listening for wake word...
2025-09-14 16:20:52 - Main - WARNING - Could not understand wake audio
2025-09-14 16:20:52 - Main - INFO - Listening for wake word...
2025-09-14 16:20:55 - core.tts - INFO - TTS speaking: Yes Pratik
2025-09-14 16:20:57 - Main - INFO - Jarvis Active... (now listening for command)
2025-09-14 16:21:01 - Main - INFO - Listening for wake word...
2025-09-14 16:21:07 - Main - WARNING - Could not understand wake audio
2025-09-14 16:21:07 - Main - INFO - Listening for wake word...
2025-09-14 16:21:10 - Main - WARNING - Exiting.
2025-09-14 16:22:45 - Main - INFO - Starting Jarvis...
2025-09-14 16:22:45 - core.tts - INFO - TTS speaking: Hey Pratik, how can I help you?
2025-09-14 16:22:48 - Main - INFO - Listening for wake word...
2025-09-14 16:22:52 - Main - WARNING - Could not understand wake audio
2025-09-14 16:22:52 - Main - INFO - Listening for wake word...
2025-09-14 16:22:56 - Main - WARNING - Exiting.
2025-09-14 16:23:02 - Main - INFO - Starting Jarvis...
2025-09-14 16:23:02 - core.tts - INFO - TTS speaking: Hey Pratik, how can I help you?
2025-09-14 16:23:04 - Main - INFO - Listening for wake word...
2025-09-14 16:23:10 - Main - WARNING - Could not understand wake audio
2025-09-14 16:23:10 - Main - INFO - Listening for wake word...
2025-09-14 16:23:14 - Main - WARNING - Could not understand wake audio
2025-09-14 16:23:14 - Main - INFO - Listening for wake word...
2025-09-14 16:23:21 - core.tts - INFO - TTS speaking: Yes Pratik
2025-09-14 16:23:22 - Main - INFO - Jarvis Active... (now listening for command)
2025-09-14 16:23:31 - Main - WARNING - Could not understand command.
2025-09-14 16:23:31 - core.tts - INFO - TTS speaking: Sorry, I did not catch that.
2025-09-14 16:23:34 - Main - INFO - Listening for wake word...
2025-09-14 16:23:38 - Main - WARNING - Could not understand wake audio
2025-09-14 16:23:38 - Main - INFO - Listening for wake word...
2025-09-14 16:23:43 - Main - WARNING - Could not understand wake audio
2025-09-14 16:23:43 - Main - INFO - Listening for wake word...
2025-09-14 16:23:48 - core.tts - INFO - TTS speaking: Yes Pratik
2025-09-14 16:23:49 - Main - INFO - Jarvis Active... (now listening for command)
2025-09-14 16:24:02 - Main - WARNING - Could not understand command.
2025-09-14 16:24:02 - core.tts - INFO - TTS speaking: Sorry, I did not catch that.
2025-09-14 16:24:05 - Main - INFO - Listening for wake word...
2025-09-14 16:24:11 - Main - WARNING - Could not understand wake audio
2025-09-14 16:24:11 - Main - INFO - Listening for wake word...
2025-09-14 16:24:17 - core.tts - INFO - TTS speaking: Yes Pratik
2025-09-14 16:24:18 - Main - INFO - Jarvis Active... (now listening for command)
2025-09-14 16:24:28 - Main - INFO - Listening for wake word...
2025-09-14 16:24:32 - Main - WARNING - Wake word not detected.
2025-09-14 16:24:32 - Main - INFO - Listening for wake word...
2025-09-14 16:24:35 - Main - WARNING - Could not understand wake audio
2025-09-14 16:24:35 - Main - INFO - Listening for wake word...
2025-09-14 16:24:41 - core.tts - INFO - TTS speaking: Yes Pratik
2025-09-14 16:24:42 - Main - INFO - Jarvis Active... (now listening for command)
2025-09-14 16:24:49 - Main - INFO - Listening for wake word...
2025-09-14 16:24:56 - Main - WARNING - Could not understand wake audio
2025-09-14 16:24:56 - Main - INFO - Listening for wake word...
2025-09-14 16:25:00 - Main - WARNING - Could not understand wake audio
2025-09-14 16:25:00 - Main - INFO - Listening for wake word...
2025-09-14 16:25:10 - Main - WARNING - Could not understand wake audio
2025-09-14 16:25:10 - Main - INFO - Listening for wake word...
2025-09-14 16:25:15 - Main - WARNING - Could not understand wake audio
2025-09-14 16:25:15 - Main - INFO - Listening for wake word...
2025-09-14 16:25:22 - Main - WARNING - Could not understand wake audio
2025-09-14 16:25:22 - Main - INFO - Listening for wake word...
2025-09-14 16:25:32 - Main - WARNING - Could not understand wake audio
2025-09-14 16:25:32 - Main - INFO - Listening for wake word...
2025-09-14 16:25:35 - Main - WARNING - Could not understand wake audio
2025-09-14 16:25:35 - Main - INFO - Listening for wake word...
2025-09-14 16:25:40 - Main - WARNING - Could not understand wake audio
2025-09-14 16:25:40 - Main - INFO - Listening for wake word...
2025-09-14 16:25:43 - Main - WARNING - Could not understand wake audio
2025-09-14 16:25:43 - Main - INFO - Listening for wake word...
2025-09-14 16:25:48 - Main - WARNING - Could not understand wake audio
2025-09-14 16:25:48 - Main - INFO - Listening for wake word...
2025-09-14 16:25:54 - Main - WARNING - Could not understand wake audio
2025-09-14 16:25:54 - Main - INFO - Listening for wake word...
2025-09-14 16:25:57 - Main - WARNING - Could not understand wake audio
2025-09-14 16:25:57 - Main - INFO - Listening for wake word...
2025-09-14 16:26:02 - Main - WARNING - Could not understand wake audio
2025-09-14 16:26:02 - Main - INFO - Listening for wake word...
2025-09-14 16:26:07 - Main - WARNING - Could not understand wake audio
2025-09-14 16:26:07 - Main - INFO - Listening for wake word...
2025-09-14 16:26:11 - Main - WARNING - Could not understand wake audio
2025-09-14 16:26:11 - Main - INFO - Listening for wake word...
2025-09-14 16:26:16 - Main - WARNING - Could not understand wake audio
2025-09-14 16:26:16 - Main - INFO - Listening for wake word...
2025-09-14 16:26:22 - Main - WARNING - Could not understand wake audio
2025-09-14 16:26:22 - Main - INFO - Listening for wake word...
2025-09-14 16:26:27 - Main - WARNING - Could not understand wake audio
2025-09-14 16:26:27 - Main - INFO - Listening for wake word...
2025-09-14 16:26:34 - Main - WARNING - Could not understand wake audio
2025-09-14 16:26:34 - Main - INFO - Listening for wake word...
2025-09-14 16:26:39 - Main - WARNING - Could not understand wake audio
2025-09-14 16:26:39 - Main - INFO - Listening for wake word...
2025-09-14 16:26:45 - core.tts - INFO - TTS speaking: Yes Pratik
2025-09-14 16:26:47 - Main - INFO - Jarvis Active... (now listening for command)
2025-09-14 16:26:53 - Main - WARNING - Could not understand command.
2025-09-14 16:26:53 - core.tts - INFO - TTS speaking: Sorry, I did not catch that.
2025-09-14 16:26:55 - Main - INFO - Listening for wake word...
2025-09-14 16:27:00 - Main - WARNING - Could not understand wake audio
2025-09-14 16:27:00 - Main - INFO - Listening for wake word...
2025-09-14 16:27:09 - Main - WARNING - Could not understand wake audio
2025-09-14 16:27:09 - Main - INFO - Listening for wake word...
2025-09-14 16:27:10 - Main - WARNING - Exiting.
